<?xml version="1.0" encoding="UTF-8"?>
<testsuite name="Test" tests="1" skipped="0" failures="0" errors="0" timestamp="2024-02-18T15:58:32" hostname="fedora" time="0.034">
  <properties/>
  <testcase name="testSolution()" classname="Test" time="0.034"/>
  <system-out><![CDATA[]]></system-out>
  <system-err><![CDATA[]]></system-err>
</testsuite>
